<?xml version="1.0" encoding="UTF-8"?>
<testng-results skipped="0" failed="0" ignored="0" total="1" passed="1">
  <reporter-output>
  </reporter-output>
  <suite name="Default suite" duration-ms="34463" started-at="2018-04-05T12:16:15Z" finished-at="2018-04-05T12:16:49Z">
    <groups>
    </groups>
    <test name="Default test" duration-ms="34463" started-at="2018-04-05T12:16:15Z" finished-at="2018-04-05T12:16:49Z">
      <class name="sddddddd.sdcs">
        <test-method status="PASS" signature="startReport()[pri:0, instance:sddddddd.sdcs@3cb1ffe6]" name="startReport" is-config="true" duration-ms="246" started-at="2018-04-05T17:46:15Z" finished-at="2018-04-05T17:46:15Z">
          <reporter-output>
          </reporter-output>
        </test-method> <!-- startReport -->
        <test-method status="PASS" signature="openBrowser()[pri:0, instance:sddddddd.sdcs@3cb1ffe6]" name="openBrowser" is-config="true" duration-ms="1" started-at="2018-04-05T17:46:15Z" finished-at="2018-04-05T17:46:15Z">
          <reporter-output>
          </reporter-output>
        </test-method> <!-- openBrowser -->
        <test-method status="PASS" signature="failTest()[pri:0, instance:sddddddd.sdcs@3cb1ffe6]" name="failTest" duration-ms="25155" started-at="2018-04-05T17:46:15Z" finished-at="2018-04-05T17:46:40Z">
          <reporter-output>
          </reporter-output>
        </test-method> <!-- failTest -->
        <test-method status="PASS" signature="browserClose()[pri:0, instance:sddddddd.sdcs@3cb1ffe6]" name="browserClose" is-config="true" duration-ms="412" started-at="2018-04-05T17:46:40Z" finished-at="2018-04-05T17:46:41Z">
          <reporter-output>
          </reporter-output>
        </test-method> <!-- browserClose -->
        <test-method status="PASS" signature="endReport()[pri:0, instance:sddddddd.sdcs@3cb1ffe6]" name="endReport" is-config="true" duration-ms="8626" started-at="2018-04-05T17:46:41Z" finished-at="2018-04-05T17:46:49Z">
          <reporter-output>
          </reporter-output>
        </test-method> <!-- endReport -->
      </class> <!-- sddddddd.sdcs -->
    </test> <!-- Default test -->
  </suite> <!-- Default suite -->
</testng-results>
